Ignoring exception in on_message
Traceback (most recent call last):
  File "/home/ubuntu/.local/lib/python3.6/site-packages/discord/client.py", line 270, in _run_event
    await coro(*args, **kwargs)
  File "bot.py", line 57, in on_message
    await message.channel.send('Please enter the hashtag.')
  File "/home/ubuntu/.local/lib/python3.6/site-packages/discord/abc.py", line 823, in send
    data = await state.http.send_message(channel.id, content, tts=tts, embed=embed, nonce=nonce)
  File "/home/ubuntu/.local/lib/python3.6/site-packages/discord/http.py", line 218, in request
    raise Forbidden(r, data)
discord.errors.Forbidden: 403 FORBIDDEN (error code: 50013): Missing Permissions
Ignoring exception in on_message
Traceback (most recent call last):
  File "/home/ubuntu/.local/lib/python3.6/site-packages/discord/client.py", line 270, in _run_event
    await coro(*args, **kwargs)
  File "bot.py", line 57, in on_message
    await message.channel.send('Please enter the hashtag.')
  File "/home/ubuntu/.local/lib/python3.6/site-packages/discord/abc.py", line 823, in send
    data = await state.http.send_message(channel.id, content, tts=tts, embed=embed, nonce=nonce)
  File "/home/ubuntu/.local/lib/python3.6/site-packages/discord/http.py", line 218, in request
    raise Forbidden(r, data)
discord.errors.Forbidden: 403 FORBIDDEN (error code: 50013): Missing Permissions
NjM4OTQ0OTc4Mjc3NzYxMDQ1.Xbvssg.qS5TEN1387HEci82yztRfbhIWFI
InstaBot#5130 has connected to Discord!
MakiTestServer
@everyone
InstaBot
instasquad
Market Knowledge
STREAM
subhuman trash
NATO
The Ultimate Retards
Rythm
Regularly Active
Verified
Bot Tamer
Notable Active
Honda Booster
MEE6
Moderators
ABU
Stitch is Speshul
Admins
Supreme Reada
current latesttext None
new post? By no surprise @saki_saki_sakiii is the winner! Be sure to DM me within 24 hours to claim your mods, or it will go to the next choice. Thanks to everyone who entered, and be on the lookout for the next giveaway at 300 followers!
.
.
#balisong #butterflyknife #balisongcommunity #butterflyknifetricks #knife #balisongalliance #balisongflipping #balisongvideos #balisongunderground #balisongtricks #balisongtechniques #butterflyknifeflipping #balisongfreestyle #balisongs #balisongflippers #knifeporn #butterflyknives #knives #brs #balisongsale #balisongporn #balisongcollection #blade #brscrew #everydaycarry #balisongedit #knifecommunity #balisongmaker #balisongtrick #bhfyp
attempted a query
current latesttext https://www.instagram.com/p/B4VlqPjDr82/
new post? By no surprise @saki_saki_sakiii is the winner! Be sure to DM me within 24 hours to claim your mods, or it will go to the next choice. Thanks to everyone who entered, and be on the lookout for the next giveaway at 300 followers!
.
.
#balisong #butterflyknife #balisongcommunity #butterflyknifetricks #knife #balisongalliance #balisongflipping #balisongvideos #balisongunderground #balisongtricks #balisongtechniques #butterflyknifeflipping #balisongfreestyle #balisongs #balisongflippers #knifeporn #butterflyknives #knives #brs #balisongsale #balisongporn #balisongcollection #blade #brscrew #everydaycarry #balisongedit #knifecommunity #balisongmaker #balisongtrick #bhfyp
attempted a query
current latesttext https://www.instagram.com/p/B4VlqPjDr82/
new post? By no surprise @saki_saki_sakiii is the winner! Be sure to DM me within 24 hours to claim your mods, or it will go to the next choice. Thanks to everyone who entered, and be on the lookout for the next giveaway at 300 followers!
.
.
#balisong #butterflyknife #balisongcommunity #butterflyknifetricks #knife #balisongalliance #balisongflipping #balisongvideos #balisongunderground #balisongtricks #balisongtechniques #butterflyknifeflipping #balisongfreestyle #balisongs #balisongflippers #knifeporn #butterflyknives #knives #brs #balisongsale #balisongporn #balisongcollection #blade #brscrew #everydaycarry #balisongedit #knifecommunity #balisongmaker #balisongtrick #bhfyp
attempted a query
current latesttext https://www.instagram.com/p/B4VlqPjDr82/
new post? By no surprise @saki_saki_sakiii is the winner! Be sure to DM me within 24 hours to claim your mods, or it will go to the next choice. Thanks to everyone who entered, and be on the lookout for the next giveaway at 300 followers!
.
.
#balisong #butterflyknife #balisongcommunity #butterflyknifetricks #knife #balisongalliance #balisongflipping #balisongvideos #balisongunderground #balisongtricks #balisongtechniques #butterflyknifeflipping #balisongfreestyle #balisongs #balisongflippers #knifeporn #butterflyknives #knives #brs #balisongsale #balisongporn #balisongcollection #blade #brscrew #everydaycarry #balisongedit #knifecommunity #balisongmaker #balisongtrick #bhfyp
attempted a query
current latesttext https://www.instagram.com/p/B4VlqPjDr82/
new post? By no surprise @saki_saki_sakiii is the winner! Be sure to DM me within 24 hours to claim your mods, or it will go to the next choice. Thanks to everyone who entered, and be on the lookout for the next giveaway at 300 followers!
.
.
#balisong #butterflyknife #balisongcommunity #butterflyknifetricks #knife #balisongalliance #balisongflipping #balisongvideos #balisongunderground #balisongtricks #balisongtechniques #butterflyknifeflipping #balisongfreestyle #balisongs #balisongflippers #knifeporn #butterflyknives #knives #brs #balisongsale #balisongporn #balisongcollection #blade #brscrew #everydaycarry #balisongedit #knifecommunity #balisongmaker #balisongtrick #bhfyp
attempted a query
current latesttext https://www.instagram.com/p/B4VlqPjDr82/
new post? By no surprise @saki_saki_sakiii is the winner! Be sure to DM me within 24 hours to claim your mods, or it will go to the next choice. Thanks to everyone who entered, and be on the lookout for the next giveaway at 300 followers!
.
.
#balisong #butterflyknife #balisongcommunity #butterflyknifetricks #knife #balisongalliance #balisongflipping #balisongvideos #balisongunderground #balisongtricks #balisongtechniques #butterflyknifeflipping #balisongfreestyle #balisongs #balisongflippers #knifeporn #butterflyknives #knives #brs #balisongsale #balisongporn #balisongcollection #blade #brscrew #everydaycarry #balisongedit #knifecommunity #balisongmaker #balisongtrick #bhfyp
attempted a query
current latesttext https://www.instagram.com/p/B4VlqPjDr82/
new post? By no surprise @saki_saki_sakiii is the winner! Be sure to DM me within 24 hours to claim your mods, or it will go to the next choice. Thanks to everyone who entered, and be on the lookout for the next giveaway at 300 followers!
.
.
#balisong #butterflyknife #balisongcommunity #butterflyknifetricks #knife #balisongalliance #balisongflipping #balisongvideos #balisongunderground #balisongtricks #balisongtechniques #butterflyknifeflipping #balisongfreestyle #balisongs #balisongflippers #knifeporn #butterflyknives #knives #brs #balisongsale #balisongporn #balisongcollection #blade #brscrew #everydaycarry #balisongedit #knifecommunity #balisongmaker #balisongtrick #bhfyp
Traceback (most recent call last):
  File "/home/ubuntu/.local/lib/python3.6/site-packages/discord/gateway.py", line 468, in poll_event
    msg = await self.recv()
  File "/home/ubuntu/.local/lib/python3.6/site-packages/websockets/protocol.py", line 350, in recv
    yield from self.ensure_open()
  File "/home/ubuntu/.local/lib/python3.6/site-packages/websockets/protocol.py", line 512, in ensure_open
    self.close_code, self.close_reason) from self.transfer_data_exc
websockets.exceptions.ConnectionClosed: WebSocket connection is closed: code = 4004 (private use), reason = Authentication failed.

The above exception was the direct cause of the following exception:

Traceback (most recent call last):
  File "bot.py", line 99, in <module>
    client.run(token)
  File "/home/ubuntu/.local/lib/python3.6/site-packages/discord/client.py", line 598, in run
    return future.result()
  File "/home/ubuntu/.local/lib/python3.6/site-packages/discord/client.py", line 579, in runner
    await self.start(*args, **kwargs)
  File "/home/ubuntu/.local/lib/python3.6/site-packages/discord/client.py", line 543, in start
    await self.connect(reconnect=reconnect)
  File "/home/ubuntu/.local/lib/python3.6/site-packages/discord/client.py", line 457, in connect
    await self._connect()
  File "/home/ubuntu/.local/lib/python3.6/site-packages/discord/client.py", line 421, in _connect
    await self.ws.poll_event()
  File "/home/ubuntu/.local/lib/python3.6/site-packages/discord/gateway.py", line 476, in poll_event
    raise ConnectionClosed(exc, shard_id=self.shard_id) from exc
discord.errors.ConnectionClosed: WebSocket connection is closed: code = 4004 (private use), reason = Authentication failed.
